Java HotSpot(TM) 64-Bit Server VM warning: ignoring option MaxPermSize=256m; support was removed in 8.0
org.eclipse.m2e.logback.configuration: The org.eclipse.m2e.logback.configuration bundle was activated before the state location was initialized.  Will retry after the state location is initialized.
org.eclipse.m2e.logback.configuration: Logback config file: /home/fastlane/git/Embratel-VDN/workspace/.metadata/.plugins/org.eclipse.m2e.logback.configuration/logback.1.6.2.20150902-0002.xml
SLF4J: Class path contains multiple SLF4J bindings.
SLF4J: Found binding in [bundleresource://460.fwk255156436:1/org/slf4j/impl/StaticLoggerBinder.class]
SLF4J: Found binding in [bundleresource://460.fwk255156436:2/org/slf4j/impl/StaticLoggerBinder.class]
SLF4J: Found binding in [bundleresource://460.fwk255156436:3/org/slf4j/impl/StaticLoggerBinder.class]
SLF4J: See http://www.slf4j.org/codes.html#multiple_bindings for an explanation.
SLF4J: Actual binding is of type [ch.qos.logback.classic.util.ContextSelectorStaticBinder]
org.eclipse.m2e.logback.configuration: Initializing logback
14:43:17,802 |-INFO in ch.qos.logback.classic.LoggerContext[default] - Could NOT find resource [logback.groovy]
14:43:17,802 |-INFO in ch.qos.logback.classic.LoggerContext[default] - Could NOT find resource [logback-test.xml]
14:43:17,802 |-INFO in ch.qos.logback.classic.LoggerContext[default] - Could NOT find resource [logback.xml]
14:43:17,803 |-INFO in ch.qos.logback.classic.LoggerContext[default] - Setting up default configuration.
14:43:18,022 |-INFO in ch.qos.logback.classic.joran.action.ConfigurationAction - debug attribute not set
14:43:18,027 |-INFO in ReconfigureOnChangeFilter{invocationCounter=0} - Will scan for changes in [[/home/fastlane/git/Embratel-VDN/workspace/.metadata/.plugins/org.eclipse.m2e.logback.configuration/logback.1.6.2.20150902-0002.xml]] every 60 seconds. 
14:43:18,027 |-INFO in ch.qos.logback.classic.joran.action.ConfigurationAction - Adding ReconfigureOnChangeFilter as a turbo filter
14:43:18,051 |-ERROR in ch.qos.logback.core.util.ContextUtil@57ae76b0 - Failed to get local hostname java.net.UnknownHostException: linux-t7gv: linux-t7gv: unknown error
	at java.net.UnknownHostException: linux-t7gv: linux-t7gv: unknown error
	at 	at java.net.InetAddress.getLocalHost(Unknown Source)
	at 	at ch.qos.logback.core.util.ContextUtil.getLocalHostName(ContextUtil.java:32)
	at 	at ch.qos.logback.core.util.ContextUtil.addHostNameAsProperty(ContextUtil.java:41)
	at 	at ch.qos.logback.classic.joran.action.ConfigurationAction.begin(ConfigurationAction.java:56)
	at 	at ch.qos.logback.core.joran.spi.Interpreter.callBeginAction(Interpreter.java:276)
	at 	at ch.qos.logback.core.joran.spi.Interpreter.startElement(Interpreter.java:148)
	at 	at ch.qos.logback.core.joran.spi.Interpreter.startElement(Interpreter.java:130)
	at 	at ch.qos.logback.core.joran.spi.EventPlayer.play(EventPlayer.java:50)
	at 	at ch.qos.logback.core.joran.GenericConfigurator.doConfigure(GenericConfigurator.java:157)
	at 	at ch.qos.logback.core.joran.GenericConfigurator.doConfigure(GenericConfigurator.java:143)
	at 	at ch.qos.logback.core.joran.GenericConfigurator.doConfigure(GenericConfigurator.java:106)
	at 	at ch.qos.logback.core.joran.GenericConfigurator.doConfigure(GenericConfigurator.java:56)
	at 	at org.eclipse.m2e.logback.configuration.LogPlugin.loadConfiguration(LogPlugin.java:185)
	at 	at org.eclipse.m2e.logback.configuration.LogPlugin.configureLogback(LogPlugin.java:144)
	at 	at org.eclipse.m2e.logback.configuration.LogPlugin.access$2(LogPlugin.java:107)
	at 	at org.eclipse.m2e.logback.configuration.LogPlugin$1.run(LogPlugin.java:62)
	at 	at java.util.TimerThread.mainLoop(Unknown Source)
	at 	at java.util.TimerThread.run(Unknown Source)
Caused by: java.net.UnknownHostException: linux-t7gv: unknown error
	at 	at java.net.Inet6AddressImpl.lookupAllHostAddr(Native Method)
	at 	at java.net.InetAddress$2.lookupAllHostAddr(Unknown Source)
	at 	at java.net.InetAddress.getAddressesFromNameService(Unknown Source)
	at 	... 18 common frames omitted
14:43:18,051 |-INFO in ch.qos.logback.core.joran.action.AppenderAction - About to instantiate appender of type [ch.qos.logback.core.ConsoleAppender]
14:43:18,051 |-INFO in ch.qos.logback.core.joran.action.AppenderAction - Naming appender as [STDOUT]
14:43:18,092 |-INFO in ch.qos.logback.core.joran.action.AppenderAction - About to instantiate appender of type [ch.qos.logback.core.rolling.RollingFileAppender]
14:43:18,094 |-INFO in ch.qos.logback.core.joran.action.AppenderAction - Naming appender as [FILE]
14:43:18,108 |-INFO in ch.qos.logback.core.rolling.FixedWindowRollingPolicy@460a4575 - No compression will be used
14:43:18,116 |-INFO in ch.qos.logback.core.rolling.RollingFileAppender[FILE] - Active log file name: /home/fastlane/git/Embratel-VDN/workspace/.metadata/.plugins/org.eclipse.m2e.logback.configuration/0.log
14:43:18,116 |-INFO in ch.qos.logback.core.rolling.RollingFileAppender[FILE] - File property is set to [/home/fastlane/git/Embratel-VDN/workspace/.metadata/.plugins/org.eclipse.m2e.logback.configuration/0.log]
14:43:18,117 |-INFO in ch.qos.logback.core.joran.action.AppenderAction - About to instantiate appender of type [org.eclipse.m2e.logback.appender.EclipseLogAppender]
14:43:18,118 |-INFO in ch.qos.logback.core.joran.action.AppenderAction - Naming appender as [EclipseLog]
14:43:18,120 |-INFO in ch.qos.logback.core.joran.action.AppenderAction - About to instantiate appender of type [org.eclipse.m2e.logback.appender.MavenConsoleAppender]
14:43:18,120 |-INFO in ch.qos.logback.core.joran.action.AppenderAction - Naming appender as [MavenConsoleLog]
14:43:18,120 |-INFO in ch.qos.logback.classic.joran.action.RootLoggerAction - Setting level of ROOT logger to INFO
14:43:18,120 |-INFO in ch.qos.logback.core.joran.action.AppenderRefAction - Attaching appender named [FILE] to Logger[ROOT]
14:43:18,120 |-INFO in ch.qos.logback.core.joran.action.AppenderRefAction - Attaching appender named [STDOUT] to Logger[ROOT]
14:43:18,120 |-INFO in ch.qos.logback.core.joran.action.AppenderRefAction - Attaching appender named [EclipseLog] to Logger[ROOT]
14:43:18,120 |-INFO in ch.qos.logback.core.joran.action.AppenderRefAction - Attaching appender named [MavenConsoleLog] to Logger[ROOT]
14:43:18,121 |-INFO in ch.qos.logback.classic.joran.action.LoggerAction - Setting level of logger [com.ning.http.client] to INFO
14:43:18,121 |-INFO in ch.qos.logback.classic.joran.action.ConfigurationAction - End of configuration.
14:43:18,121 |-INFO in ch.qos.logback.classic.joran.JoranConfigurator@62b5b0f2 - Registering current configuration as safe fallback point

